#Z                    :K+      sd(:K+)
    -39.3750       0.0000       0.0000
    -39.1250       0.0002       0.0100
    -38.8750       0.0031       0.0343
    -38.6250       0.0123       0.0719
    -38.3750       0.0279       0.1099
    -38.1250       0.0619       0.1610
    -37.8750       0.1218       0.2278
    -37.6250       0.2527       0.3226
    -37.3750       0.5094       0.4516
    -37.1250       0.9022       0.5839
    -36.8750       1.3934       0.7016
    -36.6250       1.8629       0.7789
    -36.3750       2.3561       0.8471
    -36.1250       2.7731       0.8821
    -35.8750       3.0818       0.9022
    -35.6250       3.2724       0.9137
    -35.3750       3.3840       0.9133
    -35.1250       3.4351       0.9277
    -34.8750       3.4353       0.9165
    -34.6250       3.4522       0.9187
    -34.3750       3.4540       0.9233
    -34.1250       3.4621       0.9236
    -33.8750       3.4774       0.9263
    -33.6250       3.4549       0.9279
    -33.3750       3.4512       0.9263
    -33.1250       3.4600       0.9249
    -32.8750       3.4782       0.9252
    -32.6250       3.4286       0.9169
    -32.3750       3.4623       0.9239
    -32.1250       3.4541       0.9244
    -31.8750       3.4648       0.9209
    -31.6250       3.4695       0.9307
    -31.3750       3.4467       0.9206
    -31.1250       3.4654       0.9197
    -30.8750       3.4458       0.9176
    -30.6250       3.4872       0.9233
    -30.3750       3.4784       0.9244
    -30.1250       3.4829       0.9211
    -29.8750       3.4518       0.9184
    -29.6250       3.4639       0.9186
    -29.3750       3.4310       0.9222
    -29.1250       3.4665       0.9239
    -28.8750       3.4657       0.9144
    -28.6250       3.4650       0.9221
    -28.3750       3.4166       0.9194
    -28.1250       3.4175       0.9121
    -27.8750       3.4094       0.9164
    -27.6250       3.3856       0.9160
    -27.3750       3.3587       0.9121
    -27.1250       3.3552       0.9114
    -26.8750       3.3043       0.8978
    -26.6250       3.2729       0.8979
    -26.3750       3.2560       0.8981
    -26.1250       3.1828       0.8840
    -25.8750       3.1091       0.8715
    -25.6250       3.0883       0.8766
    -25.3750       3.0066       0.8638
    -25.1250       2.9443       0.8558
    -24.8750       2.8521       0.8359
    -24.6250       2.7530       0.8247
    -24.3750       2.6687       0.8164
    -24.1250       2.5888       0.8031
    -23.8750       2.4843       0.7833
    -23.6250       2.4001       0.7693
    -23.3750       2.2989       0.7545
    -23.1250       2.1802       0.7351
    -22.8750       2.1171       0.7235
    -22.6250       1.9479       0.6945
    -22.3750       1.8380       0.6703
    -22.1250       1.7294       0.6565
    -21.8750       1.6087       0.6239
    -21.6250       1.5444       0.6174
    -21.3750       1.4335       0.5943
    -21.1250       1.3366       0.5744
    -20.8750       1.2624       0.5600
    -20.6250       1.1779       0.5388
    -20.3750       1.0996       0.5225
    -20.1250       1.0285       0.5041
    -19.8750       0.9493       0.4853
    -19.6250       0.8908       0.4713
    -19.3750       0.8347       0.4523
    -19.1250       0.7850       0.4428
    -18.8750       0.7514       0.4294
    -18.6250       0.6754       0.4099
    -18.3750       0.6338       0.3957
    -18.1250       0.6049       0.3875
    -17.8750       0.5678       0.3752
    -17.6250       0.5348       0.3631
    -17.3750       0.4692       0.3400
    -17.1250       0.4551       0.3355
    -16.8750       0.4161       0.3209
    -16.6250       0.3820       0.3088
    -16.3750       0.3481       0.2951
    -16.1250       0.3100       0.2781
    -15.8750       0.2816       0.2651
    -15.6250       0.2467       0.2483
    -15.3750       0.2055       0.2246
    -15.1250       0.1901       0.2171
    -14.8750       0.1563       0.1974
    -14.6250       0.1311       0.1804
    -14.3750       0.1134       0.1690
    -14.1250       0.0937       0.1524
    -13.8750       0.0746       0.1373
    -13.6250       0.0623       0.1242
    -13.3750       0.0478       0.1091
    -13.1250       0.0362       0.0950
    -12.8750       0.0280       0.0840
    -12.6250       0.0266       0.0819
    -12.3750       0.0201       0.0707
    -12.1250       0.0156       0.0623
    -11.8750       0.0121       0.0549
    -11.6250       0.0105       0.0512
    -11.3750       0.0078       0.0441
    -11.1250       0.0065       0.0403
    -10.8750       0.0055       0.0371
    -10.6250       0.0044       0.0331
    -10.3750       0.0030       0.0274
    -10.1250       0.0029       0.0269
     -9.8750       0.0013       0.0180
     -9.6250       0.0011       0.0166
     -9.3750       0.0011       0.0166
     -9.1250       0.0008       0.0141
     -8.8750       0.0006       0.0122
     -8.6250       0.0005       0.0112
     -8.3750       0.0001       0.0050
     -8.1250       0.0000       0.0000
     -7.8750       0.0002       0.0071
     -7.6250       0.0000       0.0000
     -7.3750       0.0002       0.0071
     -7.1250       0.0000       0.0000
     -6.8750       0.0002       0.0071
     -6.6250       0.0000       0.0000
     -6.3750       0.0000       0.0000
     -6.1250       0.0000       0.0000
     -5.8750       0.0000       0.0000
     -5.6250       0.0000       0.0000
     -5.3750       0.0000       0.0000
     -5.1250       0.0000       0.0000
     -4.8750       0.0000       0.0000
     -4.6250       0.0000       0.0000
     -4.3750       0.0000       0.0000
     -4.1250       0.0000       0.0000
     -3.8750       0.0000       0.0000
     -3.6250       0.0000       0.0000
     -3.3750       0.0000       0.0000
     -3.1250       0.0000       0.0000
     -2.8750       0.0000       0.0000
     -2.6250       0.0000       0.0000
     -2.3750       0.0000       0.0000
     -2.1250       0.0000       0.0000
     -1.8750       0.0000       0.0000
     -1.6250       0.0000       0.0000
     -1.3750       0.0000       0.0000
     -1.1250       0.0000       0.0000
     -0.8750       0.0000       0.0000
     -0.6250       0.0000       0.0000
     -0.3750       0.0000       0.0000
     -0.1250       0.0000       0.0000
      0.1250       0.0000       0.0000
      0.3750       0.0000       0.0000
      0.6250       0.0000       0.0000
      0.8750       0.0000       0.0000
      1.1250       0.0000       0.0000
      1.3750       0.0000       0.0000
      1.6250       0.0000       0.0000
      1.8750       0.0000       0.0000
      2.1250       0.0000       0.0000
      2.3750       0.0000       0.0000
      2.6250       0.0000       0.0000
      2.8750       0.0000       0.0000
      3.1250       0.0000       0.0000
      3.3750       0.0000       0.0000
      3.6250       0.0000       0.0000
      3.8750       0.0000       0.0000
      4.1250       0.0000       0.0000
      4.3750       0.0000       0.0000
      4.6250       0.0000       0.0000
      4.8750       0.0000       0.0000
      5.1250       0.0000       0.0000
      5.3750       0.0000       0.0000
      5.6250       0.0000       0.0000
      5.8750       0.0000       0.0000
      6.1250       0.0000       0.0000
      6.3750       0.0000       0.0000
      6.6250       0.0000       0.0000
      6.8750       0.0000       0.0000
      7.1250       0.0001       0.0050
      7.3750       0.0002       0.0071
      7.6250       0.0001       0.0050
      7.8750       0.0003       0.0087
      8.1250       0.0001       0.0050
      8.3750       0.0001       0.0050
      8.6250       0.0001       0.0050
      8.8750       0.0004       0.0100
      9.1250       0.0007       0.0132
      9.3750       0.0006       0.0122
      9.6250       0.0008       0.0141
      9.8750       0.0007       0.0132
     10.1250       0.0014       0.0187
     10.3750       0.0010       0.0158
     10.6250       0.0023       0.0240
     10.8750       0.0022       0.0234
     11.1250       0.0035       0.0296
     11.3750       0.0060       0.0387
     11.6250       0.0092       0.0479
     11.8750       0.0114       0.0533
     12.1250       0.0157       0.0625
     12.3750       0.0197       0.0700
     12.6250       0.0250       0.0791
     12.8750       0.0321       0.0895
     13.1250       0.0437       0.1054
     13.3750       0.0563       0.1191
     13.6250       0.0710       0.1335
     13.8750       0.0854       0.1468
     14.1250       0.1092       0.1655
     14.3750       0.1239       0.1765
     14.6250       0.1402       0.1879
     14.8750       0.1798       0.2113
     15.1250       0.1968       0.2210
     15.3750       0.2250       0.2366
     15.6250       0.2526       0.2490
     15.8750       0.2862       0.2675
     16.1250       0.3081       0.2774
     16.3750       0.3417       0.2919
     16.6250       0.3784       0.3073
     16.8750       0.4123       0.3207
     17.1250       0.4518       0.3347
     17.3750       0.4881       0.3499
     17.6250       0.5219       0.3601
     17.8750       0.5604       0.3733
     18.1250       0.6110       0.3902
     18.3750       0.6432       0.3965
     18.6250       0.6746       0.4093
     18.8750       0.7275       0.4266
     19.1250       0.7755       0.4385
     19.3750       0.8343       0.4542
     19.6250       0.8858       0.4689
     19.8750       0.9369       0.4831
     20.1250       1.0047       0.5012
     20.3750       1.0809       0.5185
     20.6250       1.1567       0.5379
     20.8750       1.2487       0.5590
     21.1250       1.3368       0.5794
     21.3750       1.4215       0.5937
     21.6250       1.5052       0.6131
     21.8750       1.6269       0.6346
     22.1250       1.7506       0.6553
     22.3750       1.8631       0.6790
     22.6250       1.9454       0.6881
     22.8750       2.0574       0.7131
     23.1250       2.1874       0.7400
     23.3750       2.3023       0.7539
     23.6250       2.3398       0.7587
     23.8750       2.5200       0.7876
     24.1250       2.5631       0.7909
     24.3750       2.6573       0.8126
     24.6250       2.7065       0.8210
     24.8750       2.8335       0.8355
     25.1250       2.8923       0.8440
     25.3750       2.9998       0.8602
     25.6250       3.0196       0.8611
     25.8750       3.0704       0.8761
     26.1250       3.1541       0.8826
     26.3750       3.2166       0.8856
     26.6250       3.2583       0.8958
     26.8750       3.3053       0.9027
     27.1250       3.2865       0.9010
     27.3750       3.3506       0.9064
     27.6250       3.3277       0.9069
     27.8750       3.3576       0.9102
     28.1250       3.4051       0.9103
     28.3750       3.3875       0.9111
     28.6250       3.4003       0.9118
     28.8750       3.4057       0.9128
     29.1250       3.4252       0.9202
     29.3750       3.4330       0.9135
     29.6250       3.4259       0.9097
     29.8750       3.4529       0.9206
     30.1250       3.4475       0.9285
     30.3750       3.4406       0.9185
     30.6250       3.4530       0.9300
     30.8750       3.4439       0.9202
     31.1250       3.4455       0.9234
     31.3750       3.4172       0.9193
     31.6250       3.4283       0.9199
     31.8750       3.4472       0.9232
     32.1250       3.4175       0.9167
     32.3750       3.4330       0.9216
     32.6250       3.4401       0.9183
     32.8750       3.4259       0.9229
     33.1250       3.4729       0.9307
     33.3750       3.4555       0.9239
     33.6250       3.4259       0.9163
     33.8750       3.4663       0.9222
     34.1250       3.3858       0.9145
     34.3750       3.4216       0.9171
     34.6250       3.4083       0.9195
     34.8750       3.4417       0.9204
     35.1250       3.4127       0.9173
     35.3750       3.3796       0.9222
     35.6250       3.2760       0.9103
     35.8750       3.0774       0.8986
     36.1250       2.7759       0.8819
     36.3750       2.3582       0.8454
     36.6250       1.8977       0.7919
     36.8750       1.4129       0.7102
     37.1250       0.9166       0.5855
     37.3750       0.4972       0.4477
     37.6250       0.2612       0.3289
     37.8750       0.1265       0.2312
     38.1250       0.0575       0.1514
     38.3750       0.0230       0.0963
     38.6250       0.0108       0.0667
     38.8750       0.0019       0.0278
     39.1250       0.0003       0.0087
     39.3750       0.0000       0.0000
