# OP_name            resname atom1 atom2  OP_mean OP_stddev OP_stem
#--------------------------------------------------------------------
beta1                POPE    C5    H51    0.07215  0.05365  0.00474
beta2                POPE    C5    H52    0.03136  0.04385  0.00388
alpha1               POPE    C6    H61    0.10926  0.06421  0.00568
alpha2               POPE    C6    H62    0.13365  0.10191  0.00901
g3_1                 POPE    C12   H121  -0.27870  0.04546  0.00402
g3_2                 POPE    C12   H122  -0.15977  0.09377  0.00829
g2_1                 POPE    C13   H131  -0.16661  0.09947  0.00879
g1_1                 POPE    C32   H321   0.15695  0.15491  0.01369
g1_2                 POPE    C32   H322   0.07761  0.10839  0.00958
palmitoyl_C2a        POPE    C36   H361  -0.21568  0.04047  0.00358
palmitoyl_C2b        POPE    C36   H362  -0.21648  0.04374  0.00387
palmitoyl_C3a        POPE    C37   H371  -0.23375  0.03262  0.00288
palmitoyl_C3b        POPE    C37   H372  -0.23360  0.03497  0.00309
palmitoyl_C4a        POPE    C38   H381  -0.23827  0.03346  0.00296
palmitoyl_C4b        POPE    C38   H382  -0.23109  0.03853  0.00341
palmitoyl_C5a        POPE    C39   H391  -0.24163  0.03145  0.00278
palmitoyl_C5b        POPE    C39   H392  -0.23735  0.03503  0.00310
palmitoyl_C6a        POPE    C40   H401  -0.24194  0.03204  0.00283
palmitoyl_C6b        POPE    C40   H402  -0.23889  0.03341  0.00295
palmitoyl_C7a        POPE    C41   H411  -0.24133  0.03123  0.00276
palmitoyl_C7b        POPE    C41   H412  -0.24020  0.03196  0.00282
palmitoyl_C8a        POPE    C42   H421  -0.23541  0.03161  0.00279
palmitoyl_C8b        POPE    C42   H422  -0.23505  0.03181  0.00281
palmitoyl_C9a        POPE    C43   H431  -0.23048  0.03029  0.00268
palmitoyl_C9b        POPE    C43   H432  -0.22981  0.03087  0.00273
palmitoyl_C10a       POPE    C44   H441  -0.21934  0.02895  0.00256
palmitoyl_C10b       POPE    C44   H442  -0.21857  0.02948  0.00261
palmitoyl_C11a       POPE    C45   H451  -0.20954  0.02729  0.00241
palmitoyl_C11b       POPE    C45   H452  -0.21020  0.02767  0.00245
palmitoyl_C12a       POPE    C46   H461  -0.19322  0.02549  0.00225
palmitoyl_C12b       POPE    C46   H462  -0.19390  0.02516  0.00222
palmitoyl_C13a       POPE    C47   H471  -0.17833  0.02315  0.00205
palmitoyl_C13b       POPE    C47   H472  -0.17930  0.02381  0.00210
palmitoyl_C14a       POPE    C48   H481  -0.15248  0.01948  0.00172
palmitoyl_C14b       POPE    C48   H482  -0.15350  0.02035  0.00180
palmitoyl_C15a       POPE    C49   H491  -0.12508  0.01708  0.00151
palmitoyl_C15b       POPE    C49   H492  -0.12624  0.01720  0.00152
palmitoyl_C16a       POPE    C50   H501   0.16678  0.03255  0.00288
palmitoyl_C16b       POPE    C50   H502  -0.12269  0.01727  0.00153
palmitoyl_C16c       POPE    C50   H503  -0.12390  0.01742  0.00154
oleoyl_C2a           POPE    C17   H171  -0.19008  0.04249  0.00376
oleoyl_C2b           POPE    C17   H172  -0.18683  0.04340  0.00384
oleoyl_C3a           POPE    C18   H181  -0.20995  0.03438  0.00304
oleoyl_C3b           POPE    C18   H182  -0.20917  0.03304  0.00292
oleoyl_C4a           POPE    C19   H191  -0.21271  0.03270  0.00289
oleoyl_C4b           POPE    C19   H192  -0.21258  0.03569  0.00315
oleoyl_C5a           POPE    C20   H201  -0.22609  0.03262  0.00288
oleoyl_C5b           POPE    C20   H202  -0.22415  0.03520  0.00311
oleoyl_C6a           POPE    C21   H211  -0.21439  0.03131  0.00277
oleoyl_C6b           POPE    C21   H212  -0.21410  0.03557  0.00314
oleoyl_C7a           POPE    C22   H221  -0.23105  0.03266  0.00289
oleoyl_C7b           POPE    C22   H222  -0.22865  0.03782  0.00334
oleoyl_C8a           POPE    C23   H231  -0.19685  0.02934  0.00259
oleoyl_C8b           POPE    C23   H232  -0.19617  0.03291  0.00291
oleoyl_C9a           POPE    C24   H241  -0.07515  0.03244  0.00287
oleoyl_C10a          POPE    C25   H251  -0.00427  0.04205  0.00372
oleoyl_C11a          POPE    C26   H261  -0.17139  0.03161  0.00279
oleoyl_C11b          POPE    C26   H262  -0.17284  0.03039  0.00269
oleoyl_C12a          POPE    C27   H271  -0.20166  0.03105  0.00274
oleoyl_C12b          POPE    C27   H272  -0.20266  0.02917  0.00258
oleoyl_C13a          POPE    C28   H281  -0.16900  0.02588  0.00229
oleoyl_C13b          POPE    C28   H282  -0.16998  0.02439  0.00216
oleoyl_C14a          POPE    C29   H291  -0.17673  0.02491  0.00220
oleoyl_C14b          POPE    C29   H292  -0.17748  0.02423  0.00214
oleoyl_C15a          POPE    C30   H301  -0.14195  0.02066  0.00183
oleoyl_C15b          POPE    C30   H302  -0.14241  0.02097  0.00185
oleoyl_C16a          POPE    C31   H311  -0.13693  0.01890  0.00167
oleoyl_C16b          POPE    C31   H312  -0.13746  0.01927  0.00170
oleoyl_C17a          POPE    CA1   HA11  -0.09227  0.01421  0.00126
oleoyl_C17b          POPE    CA1   HA12  -0.09210  0.01382  0.00122
oleoyl_C18a          POPE    CA2   HA21   0.01167  0.02096  0.00185
oleoyl_C18b          POPE    CA2   HA22  -0.08973  0.01420  0.00126
oleoyl_C18c          POPE    CA2   HA23  -0.08955  0.01372  0.00121
