# OP_name            resname atom1 atom2  OP_mean OP_stddev OP_stem
#--------------------------------------------------------------------
beta1                POPE    C5    H51    0.07215  0.03812  0.00337
beta2                POPE    C5    H52    0.03661  0.02980  0.00263
alpha1               POPE    C6    H61    0.11652  0.04968  0.00439
alpha2               POPE    C6    H62    0.14205  0.07394  0.00654
g3_1                 POPE    C12   H121  -0.28225  0.03576  0.00316
g3_2                 POPE    C12   H122  -0.18127  0.07607  0.00672
g2_1                 POPE    C13   H131  -0.18037  0.07807  0.00690
g1_1                 POPE    C32   H321   0.13208  0.13094  0.01157
g1_2                 POPE    C32   H322   0.09632  0.08335  0.00737
palmitoyl_C2a        POPE    C36   H361  -0.21644  0.03367  0.00298
palmitoyl_C2b        POPE    C36   H362  -0.20674  0.04233  0.00374
palmitoyl_C3a        POPE    C37   H371  -0.23513  0.02709  0.00239
palmitoyl_C3b        POPE    C37   H372  -0.22831  0.03294  0.00291
palmitoyl_C4a        POPE    C38   H381  -0.23758  0.03088  0.00273
palmitoyl_C4b        POPE    C38   H382  -0.22922  0.03501  0.00309
palmitoyl_C5a        POPE    C39   H391  -0.23853  0.03179  0.00281
palmitoyl_C5b        POPE    C39   H392  -0.23646  0.03196  0.00282
palmitoyl_C6a        POPE    C40   H401  -0.23946  0.03280  0.00290
palmitoyl_C6b        POPE    C40   H402  -0.23645  0.03270  0.00289
palmitoyl_C7a        POPE    C41   H411  -0.23710  0.03395  0.00300
palmitoyl_C7b        POPE    C41   H412  -0.23730  0.03333  0.00295
palmitoyl_C8a        POPE    C42   H421  -0.23089  0.03393  0.00300
palmitoyl_C8b        POPE    C42   H422  -0.23042  0.03345  0.00296
palmitoyl_C9a        POPE    C43   H431  -0.22507  0.03314  0.00293
palmitoyl_C9b        POPE    C43   H432  -0.22670  0.03226  0.00285
palmitoyl_C10a       POPE    C44   H441  -0.21424  0.03238  0.00286
palmitoyl_C10b       POPE    C44   H442  -0.21436  0.03192  0.00282
palmitoyl_C11a       POPE    C45   H451  -0.20458  0.02951  0.00261
palmitoyl_C11b       POPE    C45   H452  -0.20428  0.02941  0.00260
palmitoyl_C12a       POPE    C46   H461  -0.18804  0.02824  0.00250
palmitoyl_C12b       POPE    C46   H462  -0.18748  0.02702  0.00239
palmitoyl_C13a       POPE    C47   H471  -0.17170  0.02528  0.00223
palmitoyl_C13b       POPE    C47   H472  -0.17259  0.02508  0.00222
palmitoyl_C14a       POPE    C48   H481  -0.14707  0.02169  0.00192
palmitoyl_C14b       POPE    C48   H482  -0.14768  0.02180  0.00193
palmitoyl_C15a       POPE    C49   H491  -0.12052  0.01771  0.00157
palmitoyl_C15b       POPE    C49   H492  -0.12073  0.01757  0.00155
palmitoyl_C16a       POPE    C50   H501   0.15659  0.03135  0.00277
palmitoyl_C16b       POPE    C50   H502  -0.11825  0.01829  0.00162
palmitoyl_C16c       POPE    C50   H503  -0.11856  0.01808  0.00160
oleoyl_C2a           POPE    C17   H171  -0.18134  0.03929  0.00347
oleoyl_C2b           POPE    C17   H172  -0.18390  0.03829  0.00338
oleoyl_C3a           POPE    C18   H181  -0.20636  0.03004  0.00266
oleoyl_C3b           POPE    C18   H182  -0.20776  0.02967  0.00262
oleoyl_C4a           POPE    C19   H191  -0.20771  0.03284  0.00290
oleoyl_C4b           POPE    C19   H192  -0.21010  0.03053  0.00270
oleoyl_C5a           POPE    C20   H201  -0.22211  0.03110  0.00275
oleoyl_C5b           POPE    C20   H202  -0.22234  0.03096  0.00274
oleoyl_C6a           POPE    C21   H211  -0.21222  0.03084  0.00273
oleoyl_C6b           POPE    C21   H212  -0.21074  0.03001  0.00265
oleoyl_C7a           POPE    C22   H221  -0.22997  0.03210  0.00284
oleoyl_C7b           POPE    C22   H222  -0.22800  0.03243  0.00287
oleoyl_C8a           POPE    C23   H231  -0.19572  0.02851  0.00252
oleoyl_C8b           POPE    C23   H232  -0.19335  0.02855  0.00252
oleoyl_C9a           POPE    C24   H241  -0.08157  0.03084  0.00273
oleoyl_C10a          POPE    C25   H251   0.00722  0.04104  0.00363
oleoyl_C11a          POPE    C26   H261  -0.16438  0.02709  0.00239
oleoyl_C11b          POPE    C26   H262  -0.16408  0.02727  0.00241
oleoyl_C12a          POPE    C27   H271  -0.19296  0.02805  0.00248
oleoyl_C12b          POPE    C27   H272  -0.19383  0.02752  0.00243
oleoyl_C13a          POPE    C28   H281  -0.16136  0.02391  0.00211
oleoyl_C13b          POPE    C28   H282  -0.16040  0.02465  0.00218
oleoyl_C14a          POPE    C29   H291  -0.16777  0.02396  0.00212
oleoyl_C14b          POPE    C29   H292  -0.16826  0.02418  0.00214
oleoyl_C15a          POPE    C30   H301  -0.13300  0.02033  0.00180
oleoyl_C15b          POPE    C30   H302  -0.13332  0.02099  0.00186
oleoyl_C16a          POPE    C31   H311  -0.12844  0.01795  0.00159
oleoyl_C16b          POPE    C31   H312  -0.12957  0.01923  0.00170
oleoyl_C17a          POPE    CA1   HA11  -0.08583  0.01354  0.00120
oleoyl_C17b          POPE    CA1   HA12  -0.08650  0.01468  0.00130
oleoyl_C18a          POPE    CA2   HA21   0.00497  0.02122  0.00188
oleoyl_C18b          POPE    CA2   HA22  -0.08335  0.01409  0.00125
oleoyl_C18c          POPE    CA2   HA23  -0.08402  0.01497  0.00132
