# OP_name            resname atom1 atom2  OP_mean OP_stddev OP_stem
#--------------------------------------------------------------------
beta1                POPE    C5    H51    0.07032  0.06437  0.00569
beta2                POPE    C5    H52    0.01825  0.04322  0.00382
alpha1               POPE    C6    H61    0.13131  0.08559  0.00757
alpha2               POPE    C6    H62    0.12401  0.11660  0.01031
g3_1                 POPE    C12   H121  -0.28736  0.05350  0.00473
g3_2                 POPE    C12   H122  -0.17033  0.10599  0.00937
g2_1                 POPE    C13   H131  -0.16944  0.10705  0.00946
g1_1                 POPE    C32   H321   0.15722  0.19018  0.01681
g1_2                 POPE    C32   H322   0.07001  0.11318  0.01000
palmitoyl_C2a        POPE    C36   H361  -0.23785  0.04490  0.00397
palmitoyl_C2b        POPE    C36   H362  -0.24006  0.04815  0.00426
palmitoyl_C3a        POPE    C37   H371  -0.25770  0.03437  0.00304
palmitoyl_C3b        POPE    C37   H372  -0.25737  0.03848  0.00340
palmitoyl_C4a        POPE    C38   H381  -0.26338  0.03576  0.00316
palmitoyl_C4b        POPE    C38   H382  -0.25815  0.03861  0.00341
palmitoyl_C5a        POPE    C39   H391  -0.26801  0.03196  0.00283
palmitoyl_C5b        POPE    C39   H392  -0.26516  0.03342  0.00295
palmitoyl_C6a        POPE    C40   H401  -0.27120  0.03218  0.00284
palmitoyl_C6b        POPE    C40   H402  -0.26822  0.03228  0.00285
palmitoyl_C7a        POPE    C41   H411  -0.27165  0.02918  0.00258
palmitoyl_C7b        POPE    C41   H412  -0.27070  0.03113  0.00275
palmitoyl_C8a        POPE    C42   H421  -0.26735  0.02958  0.00261
palmitoyl_C8b        POPE    C42   H422  -0.26695  0.03020  0.00267
palmitoyl_C9a        POPE    C43   H431  -0.26349  0.02891  0.00256
palmitoyl_C9b        POPE    C43   H432  -0.26390  0.02937  0.00260
palmitoyl_C10a       POPE    C44   H441  -0.25429  0.02858  0.00253
palmitoyl_C10b       POPE    C44   H442  -0.25372  0.02861  0.00253
palmitoyl_C11a       POPE    C45   H451  -0.24557  0.02748  0.00243
palmitoyl_C11b       POPE    C45   H452  -0.24639  0.02697  0.00238
palmitoyl_C12a       POPE    C46   H461  -0.23094  0.02714  0.00240
palmitoyl_C12b       POPE    C46   H462  -0.23027  0.02636  0.00233
palmitoyl_C13a       POPE    C47   H471  -0.21400  0.02612  0.00231
palmitoyl_C13b       POPE    C47   H472  -0.21424  0.02510  0.00222
palmitoyl_C14a       POPE    C48   H481  -0.18636  0.02446  0.00216
palmitoyl_C14b       POPE    C48   H482  -0.18498  0.02305  0.00204
palmitoyl_C15a       POPE    C49   H491  -0.15235  0.02132  0.00188
palmitoyl_C15b       POPE    C49   H492  -0.15148  0.01999  0.00177
palmitoyl_C16a       POPE    C50   H501   0.19466  0.03797  0.00336
palmitoyl_C16b       POPE    C50   H502  -0.15004  0.02214  0.00196
palmitoyl_C16c       POPE    C50   H503  -0.14907  0.02087  0.00184
oleoyl_C2a           POPE    C17   H171  -0.21239  0.04898  0.00433
oleoyl_C2b           POPE    C17   H172  -0.20742  0.05011  0.00443
oleoyl_C3a           POPE    C18   H181  -0.23206  0.04242  0.00375
oleoyl_C3b           POPE    C18   H182  -0.23232  0.04058  0.00359
oleoyl_C4a           POPE    C19   H191  -0.23522  0.04086  0.00361
oleoyl_C4b           POPE    C19   H192  -0.23606  0.04047  0.00358
oleoyl_C5a           POPE    C20   H201  -0.24814  0.03859  0.00341
oleoyl_C5b           POPE    C20   H202  -0.24843  0.03853  0.00341
oleoyl_C6a           POPE    C21   H211  -0.23750  0.03605  0.00319
oleoyl_C6b           POPE    C21   H212  -0.23705  0.03744  0.00331
oleoyl_C7a           POPE    C22   H221  -0.25736  0.03606  0.00319
oleoyl_C7b           POPE    C22   H222  -0.25504  0.03657  0.00323
oleoyl_C8a           POPE    C23   H231  -0.21923  0.03143  0.00278
oleoyl_C8b           POPE    C23   H232  -0.21754  0.03322  0.00294
oleoyl_C9a           POPE    C24   H241  -0.07878  0.03640  0.00322
oleoyl_C10a          POPE    C25   H251  -0.01533  0.04584  0.00405
oleoyl_C11a          POPE    C26   H261  -0.19652  0.03168  0.00280
oleoyl_C11b          POPE    C26   H262  -0.19938  0.03123  0.00276
oleoyl_C12a          POPE    C27   H271  -0.23380  0.02980  0.00263
oleoyl_C12b          POPE    C27   H272  -0.23283  0.02876  0.00254
oleoyl_C13a          POPE    C28   H281  -0.20224  0.02723  0.00241
oleoyl_C13b          POPE    C28   H282  -0.20136  0.02652  0.00234
oleoyl_C14a          POPE    C29   H291  -0.20979  0.02683  0.00237
oleoyl_C14b          POPE    C29   H292  -0.20948  0.02511  0.00222
oleoyl_C15a          POPE    C30   H301  -0.17173  0.02449  0.00216
oleoyl_C15b          POPE    C30   H302  -0.17209  0.02338  0.00207
oleoyl_C16a          POPE    C31   H311  -0.16433  0.02259  0.00200
oleoyl_C16b          POPE    C31   H312  -0.16498  0.02166  0.00191
oleoyl_C17a          POPE    CA1   HA11  -0.11085  0.01859  0.00164
oleoyl_C17b          POPE    CA1   HA12  -0.11075  0.01854  0.00164
oleoyl_C18a          POPE    CA2   HA21   0.01712  0.02633  0.00233
oleoyl_C18b          POPE    CA2   HA22  -0.10814  0.01912  0.00169
oleoyl_C18c          POPE    CA2   HA23  -0.10800  0.01905  0.00168
