# OP_name            resname atom1 atom2  OP_mean OP_stddev OP_stem
#--------------------------------------------------------------------
beta1                POPE    C5    H51    0.06742  0.05971  0.00528
beta2                POPE    C5    H52    0.02913  0.03891  0.00344
alpha1               POPE    C6    H61    0.12858  0.07176  0.00634
alpha2               POPE    C6    H62    0.12600  0.11063  0.00978
g3_1                 POPE    C12   H121  -0.28349  0.05247  0.00464
g3_2                 POPE    C12   H122  -0.18248  0.10010  0.00885
g2_1                 POPE    C13   H131  -0.18455  0.10034  0.00887
g1_1                 POPE    C32   H321   0.11120  0.17700  0.01564
g1_2                 POPE    C32   H322   0.09305  0.09895  0.00875
palmitoyl_C2a        POPE    C36   H361  -0.24268  0.04303  0.00380
palmitoyl_C2b        POPE    C36   H362  -0.23980  0.04619  0.00408
palmitoyl_C3a        POPE    C37   H371  -0.25913  0.03134  0.00277
palmitoyl_C3b        POPE    C37   H372  -0.25702  0.03389  0.00300
palmitoyl_C4a        POPE    C38   H381  -0.26514  0.03193  0.00282
palmitoyl_C4b        POPE    C38   H382  -0.25874  0.03767  0.00333
palmitoyl_C5a        POPE    C39   H391  -0.26694  0.03011  0.00266
palmitoyl_C5b        POPE    C39   H392  -0.26431  0.03331  0.00294
palmitoyl_C6a        POPE    C40   H401  -0.27056  0.03053  0.00270
palmitoyl_C6b        POPE    C40   H402  -0.26857  0.03276  0.00290
palmitoyl_C7a        POPE    C41   H411  -0.27161  0.03077  0.00272
palmitoyl_C7b        POPE    C41   H412  -0.27140  0.03117  0.00276
palmitoyl_C8a        POPE    C42   H421  -0.27070  0.03007  0.00266
palmitoyl_C8b        POPE    C42   H422  -0.26986  0.03143  0.00278
palmitoyl_C9a        POPE    C43   H431  -0.26801  0.02934  0.00259
palmitoyl_C9b        POPE    C43   H432  -0.26840  0.03011  0.00266
palmitoyl_C10a       POPE    C44   H441  -0.25945  0.02872  0.00254
palmitoyl_C10b       POPE    C44   H442  -0.26004  0.02950  0.00261
palmitoyl_C11a       POPE    C45   H451  -0.25214  0.02836  0.00251
palmitoyl_C11b       POPE    C45   H452  -0.25131  0.02848  0.00252
palmitoyl_C12a       POPE    C46   H461  -0.23738  0.02730  0.00241
palmitoyl_C12b       POPE    C46   H462  -0.23688  0.02781  0.00246
palmitoyl_C13a       POPE    C47   H471  -0.22041  0.02684  0.00237
palmitoyl_C13b       POPE    C47   H472  -0.22009  0.02731  0.00241
palmitoyl_C14a       POPE    C48   H481  -0.19262  0.02444  0.00216
palmitoyl_C14b       POPE    C48   H482  -0.19172  0.02502  0.00221
palmitoyl_C15a       POPE    C49   H491  -0.15693  0.02191  0.00194
palmitoyl_C15b       POPE    C49   H492  -0.15680  0.02161  0.00191
palmitoyl_C16a       POPE    C50   H501   0.19702  0.04263  0.00377
palmitoyl_C16b       POPE    C50   H502  -0.15428  0.02175  0.00192
palmitoyl_C16c       POPE    C50   H503  -0.15424  0.02148  0.00190
oleoyl_C2a           POPE    C17   H171  -0.21081  0.04046  0.00358
oleoyl_C2b           POPE    C17   H172  -0.20703  0.04978  0.00440
oleoyl_C3a           POPE    C18   H181  -0.23259  0.03537  0.00313
oleoyl_C3b           POPE    C18   H182  -0.23277  0.03874  0.00342
oleoyl_C4a           POPE    C19   H191  -0.23663  0.03505  0.00310
oleoyl_C4b           POPE    C19   H192  -0.23726  0.03903  0.00345
oleoyl_C5a           POPE    C20   H201  -0.25078  0.03414  0.00302
oleoyl_C5b           POPE    C20   H202  -0.25017  0.03557  0.00314
oleoyl_C6a           POPE    C21   H211  -0.23953  0.03589  0.00317
oleoyl_C6b           POPE    C21   H212  -0.23830  0.03479  0.00308
oleoyl_C7a           POPE    C22   H221  -0.25901  0.03512  0.00310
oleoyl_C7b           POPE    C22   H222  -0.25551  0.03574  0.00316
oleoyl_C8a           POPE    C23   H231  -0.21998  0.03112  0.00275
oleoyl_C8b           POPE    C23   H232  -0.21815  0.03089  0.00273
oleoyl_C9a           POPE    C24   H241  -0.07995  0.03398  0.00300
oleoyl_C10a          POPE    C25   H251  -0.01060  0.04231  0.00374
oleoyl_C11a          POPE    C26   H261  -0.19841  0.02765  0.00244
oleoyl_C11b          POPE    C26   H262  -0.19566  0.03287  0.00291
oleoyl_C12a          POPE    C27   H271  -0.23566  0.02772  0.00245
oleoyl_C12b          POPE    C27   H272  -0.23122  0.03037  0.00268
oleoyl_C13a          POPE    C28   H281  -0.20324  0.02586  0.00229
oleoyl_C13b          POPE    C28   H282  -0.20297  0.02661  0.00235
oleoyl_C14a          POPE    C29   H291  -0.21183  0.02567  0.00227
oleoyl_C14b          POPE    C29   H292  -0.21019  0.02604  0.00230
oleoyl_C15a          POPE    C30   H301  -0.17429  0.02413  0.00213
oleoyl_C15b          POPE    C30   H302  -0.17373  0.02430  0.00215
oleoyl_C16a          POPE    C31   H311  -0.16717  0.02269  0.00201
oleoyl_C16b          POPE    C31   H312  -0.16639  0.02282  0.00202
oleoyl_C17a          POPE    CA1   HA11  -0.11319  0.01854  0.00164
oleoyl_C17b          POPE    CA1   HA12  -0.11379  0.01838  0.00162
oleoyl_C18a          POPE    CA2   HA21   0.01738  0.02327  0.00206
oleoyl_C18b          POPE    CA2   HA22  -0.11042  0.01860  0.00164
oleoyl_C18c          POPE    CA2   HA23  -0.11106  0.01842  0.00163
