# routine version: 1.0.1
#density :CA sd(:CA)
  -26.6250      0.000    0.00000
  -26.3750      0.000    0.00004
  -26.1250      0.000    0.00004
  -25.8750      0.000    0.00006
  -25.6250      0.000    0.00011
  -25.3750      0.000    0.00008
  -25.1250      0.000    0.00011
  -24.8750      0.000    0.00016
  -24.6250      0.000    0.00016
  -24.3750      0.000    0.00024
  -24.1250      0.000    0.00028
  -23.8750      0.000    0.00038
  -23.6250      0.000    0.00048
  -23.3750      0.000    0.00058
  -23.1250      0.000    0.00068
  -22.8750      0.001    0.00084
  -22.6250      0.001    0.00095
  -22.3750      0.001    0.00108
  -22.1250      0.001    0.00119
  -21.8750      0.002    0.00135
  -21.6250      0.002    0.00150
  -21.3750      0.003    0.00167
  -21.1250      0.004    0.00186
  -20.8750      0.004    0.00201
  -20.6250      0.005    0.00210
  -20.3750      0.005    0.00218
  -20.1250      0.005    0.00226
  -19.8750      0.006    0.00237
  -19.6250      0.006    0.00243
  -19.3750      0.006    0.00247
  -19.1250      0.007    0.00253
  -18.8750      0.007    0.00252
  -18.6250      0.007    0.00254
  -18.3750      0.006    0.00249
  -18.1250      0.006    0.00241
  -17.8750      0.006    0.00233
  -17.6250      0.005    0.00225
  -17.3750      0.005    0.00213
  -17.1250      0.004    0.00201
  -16.8750      0.004    0.00184
  -16.6250      0.003    0.00173
  -16.3750      0.003    0.00159
  -16.1250      0.002    0.00147
  -15.8750      0.002    0.00133
  -15.6250      0.002    0.00123
  -15.3750      0.001    0.00112
  -15.1250      0.001    0.00101
  -14.8750      0.001    0.00091
  -14.6250      0.001    0.00080
  -14.3750      0.000    0.00068
  -14.1250      0.000    0.00061
  -13.8750      0.000    0.00056
  -13.6250      0.000    0.00046
  -13.3750      0.000    0.00036
  -13.1250      0.000    0.00031
  -12.8750      0.000    0.00024
  -12.6250      0.000    0.00021
  -12.3750      0.000    0.00016
  -12.1250      0.000    0.00016
  -11.8750      0.000    0.00013
  -11.6250      0.000    0.00013
  -11.3750      0.000    0.00010
  -11.1250      0.000    0.00011
  -10.8750      0.000    0.00006
  -10.6250      0.000    0.00012
  -10.3750      0.000    0.00007
  -10.1250      0.000    0.00005
   -9.8750      0.000    0.00003
   -9.6250      0.000    0.00003
   -9.3750      0.000    0.00000
   -9.1250      0.000    0.00000
   -8.8750      0.000    0.00000
   -8.6250      0.000    0.00000
   -8.3750      0.000    0.00000
   -8.1250      0.000    0.00000
   -7.8750      0.000    0.00000
   -7.6250      0.000    0.00000
   -7.3750      0.000    0.00000
   -7.1250      0.000    0.00000
   -6.8750      0.000    0.00000
   -6.6250      0.000    0.00000
   -6.3750      0.000    0.00000
   -6.1250      0.000    0.00000
   -5.8750      0.000    0.00000
   -5.6250      0.000    0.00000
   -5.3750      0.000    0.00000
   -5.1250      0.000    0.00000
   -4.8750      0.000    0.00000
   -4.6250      0.000    0.00000
   -4.3750      0.000    0.00000
   -4.1250      0.000    0.00000
   -3.8750      0.000    0.00000
   -3.6250      0.000    0.00000
   -3.3750      0.000    0.00000
   -3.1250      0.000    0.00000
   -2.8750      0.000    0.00000
   -2.6250      0.000    0.00000
   -2.3750      0.000    0.00000
   -2.1250      0.000    0.00000
   -1.8750      0.000    0.00000
   -1.6250      0.000    0.00000
   -1.3750      0.000    0.00000
   -1.1250      0.000    0.00000
   -0.8750      0.000    0.00000
   -0.6250      0.000    0.00000
   -0.3750      0.000    0.00000
   -0.1250      0.000    0.00000
    0.1250      0.000    0.00000
    0.3750      0.000    0.00000
    0.6250      0.000    0.00000
    0.8750      0.000    0.00000
    1.1250      0.000    0.00000
    1.3750      0.000    0.00000
    1.6250      0.000    0.00000
    1.8750      0.000    0.00000
    2.1250      0.000    0.00000
    2.3750      0.000    0.00000
    2.6250      0.000    0.00000
    2.8750      0.000    0.00000
    3.1250      0.000    0.00000
    3.3750      0.000    0.00000
    3.6250      0.000    0.00000
    3.8750      0.000    0.00000
    4.1250      0.000    0.00000
    4.3750      0.000    0.00000
    4.6250      0.000    0.00000
    4.8750      0.000    0.00000
    5.1250      0.000    0.00000
    5.3750      0.000    0.00000
    5.6250      0.000    0.00000
    5.8750      0.000    0.00000
    6.1250      0.000    0.00000
    6.3750      0.000    0.00000
    6.6250      0.000    0.00000
    6.8750      0.000    0.00000
    7.1250      0.000    0.00000
    7.3750      0.000    0.00000
    7.6250      0.000    0.00000
    7.8750      0.000    0.00000
    8.1250      0.000    0.00000
    8.3750      0.000    0.00000
    8.6250      0.000    0.00000
    8.8750      0.000    0.00000
    9.1250      0.000    0.00000
    9.3750      0.000    0.00000
    9.6250      0.000    0.00000
    9.8750      0.000    0.00000
   10.1250      0.000    0.00000
   10.3750      0.000    0.00000
   10.6250      0.000    0.00000
   10.8750      0.000    0.00000
   11.1250      0.000    0.00003
   11.3750      0.000    0.00006
   11.6250      0.000    0.00006
   11.8750      0.000    0.00005
   12.1250      0.000    0.00007
   12.3750      0.000    0.00012
   12.6250      0.000    0.00018
   12.8750      0.000    0.00024
   13.1250      0.000    0.00029
   13.3750      0.000    0.00043
   13.6250      0.000    0.00051
   13.8750      0.000    0.00059
   14.1250      0.000    0.00064
   14.3750      0.001    0.00072
   14.6250      0.001    0.00081
   14.8750      0.001    0.00089
   15.1250      0.001    0.00099
   15.3750      0.001    0.00107
   15.6250      0.001    0.00111
   15.8750      0.001    0.00120
   16.1250      0.002    0.00128
   16.3750      0.002    0.00135
   16.6250      0.002    0.00145
   16.8750      0.002    0.00153
   17.1250      0.003    0.00161
   17.3750      0.003    0.00168
   17.6250      0.003    0.00171
   17.8750      0.003    0.00175
   18.1250      0.003    0.00177
   18.3750      0.003    0.00176
   18.6250      0.003    0.00172
   18.8750      0.003    0.00169
   19.1250      0.003    0.00170
   19.3750      0.003    0.00162
   19.6250      0.003    0.00155
   19.8750      0.002    0.00148
   20.1250      0.002    0.00138
   20.3750      0.002    0.00130
   20.6250      0.002    0.00121
   20.8750      0.001    0.00113
   21.1250      0.001    0.00101
   21.3750      0.001    0.00091
   21.6250      0.001    0.00083
   21.8750      0.001    0.00076
   22.1250      0.000    0.00068
   22.3750      0.000    0.00058
   22.6250      0.000    0.00049
   22.8750      0.000    0.00044
   23.1250      0.000    0.00040
   23.3750      0.000    0.00033
   23.6250      0.000    0.00030
   23.8750      0.000    0.00027
   24.1250      0.000    0.00023
   24.3750      0.000    0.00020
   24.6250      0.000    0.00016
   24.8750      0.000    0.00015
   25.1250      0.000    0.00012
   25.3750      0.000    0.00010
   25.6250      0.000    0.00008
   25.8750      0.000    0.00000
   26.1250      0.000    0.00003
   26.3750      0.000    0.00000
