    -70.3750       0.0000       0.0000
    -70.1250       0.0000       0.0000
    -69.8750       0.0000       0.0001
    -69.6250       0.0000       0.0001
    -69.3750       0.0000       0.0002
    -69.1250       0.0001       0.0003
    -68.8750       0.0001       0.0003
    -68.6250       0.0002       0.0005
    -68.3750       0.0003       0.0006
    -68.1250       0.0004       0.0006
    -67.8750       0.0005       0.0007
    -67.6250       0.0006       0.0008
    -67.3750       0.0008       0.0009
    -67.1250       0.0012       0.0011
    -66.8750       0.0014       0.0012
    -66.6250       0.0018       0.0014
    -66.3750       0.0023       0.0016
    -66.1250       0.0027       0.0017
    -65.8750       0.0033       0.0019
    -65.6250       0.0039       0.0021
    -65.3750       0.0046       0.0022
    -65.1250       0.0052       0.0023
    -64.8750       0.0059       0.0024
    -64.6250       0.0063       0.0026
    -64.3750       0.0071       0.0027
    -64.1250       0.0078       0.0028
    -63.8750       0.0086       0.0030
    -63.6250       0.0094       0.0031
    -63.3750       0.0100       0.0032
    -63.1250       0.0106       0.0033
    -62.8750       0.0111       0.0033
    -62.6250       0.0111       0.0034
    -62.3750       0.0110       0.0033
    -62.1250       0.0106       0.0033
    -61.8750       0.0098       0.0032
    -61.6250       0.0091       0.0031
    -61.3750       0.0086       0.0030
    -61.1250       0.0080       0.0028
    -60.8750       0.0073       0.0027
    -60.6250       0.0066       0.0026
    -60.3750       0.0060       0.0025
    -60.1250       0.0054       0.0024
    -59.8750       0.0047       0.0023
    -59.6250       0.0040       0.0020
    -59.3750       0.0035       0.0019
    -59.1250       0.0030       0.0018
    -58.8750       0.0027       0.0017
    -58.6250       0.0023       0.0016
    -58.3750       0.0021       0.0015
    -58.1250       0.0019       0.0014
    -57.8750       0.0018       0.0014
    -57.6250       0.0016       0.0013
    -57.3750       0.0016       0.0013
    -57.1250       0.0016       0.0013
    -56.8750       0.0015       0.0013
    -56.6250       0.0015       0.0013
    -56.3750       0.0016       0.0013
    -56.1250       0.0015       0.0013
    -55.8750       0.0015       0.0013
    -55.6250       0.0016       0.0013
    -55.3750       0.0016       0.0013
    -55.1250       0.0017       0.0013
    -54.8750       0.0016       0.0013
    -54.6250       0.0018       0.0014
    -54.3750       0.0017       0.0014
    -54.1250       0.0018       0.0014
    -53.8750       0.0018       0.0014
    -53.6250       0.0019       0.0014
    -53.3750       0.0019       0.0014
    -53.1250       0.0019       0.0014
    -52.8750       0.0020       0.0015
    -52.6250       0.0019       0.0014
    -52.3750       0.0020       0.0015
    -52.1250       0.0020       0.0015
    -51.8750       0.0019       0.0014
    -51.6250       0.0019       0.0014
    -51.3750       0.0019       0.0014
    -51.1250       0.0019       0.0014
    -50.8750       0.0020       0.0015
    -50.6250       0.0020       0.0015
    -50.3750       0.0020       0.0015
    -50.1250       0.0020       0.0014
    -49.8750       0.0020       0.0015
    -49.6250       0.0021       0.0015
    -49.3750       0.0020       0.0015
    -49.1250       0.0020       0.0015
    -48.8750       0.0020       0.0015
    -48.6250       0.0019       0.0014
    -48.3750       0.0020       0.0015
    -48.1250       0.0020       0.0015
    -47.8750       0.0019       0.0014
    -47.6250       0.0019       0.0014
    -47.3750       0.0020       0.0015
    -47.1250       0.0020       0.0015
    -46.8750       0.0020       0.0015
    -46.6250       0.0020       0.0015
    -46.3750       0.0019       0.0014
    -46.1250       0.0019       0.0014
    -45.8750       0.0020       0.0015
    -45.6250       0.0020       0.0015
    -45.3750       0.0020       0.0015
    -45.1250       0.0019       0.0014
    -44.8750       0.0019       0.0014
    -44.6250       0.0019       0.0014
    -44.3750       0.0020       0.0014
    -44.1250       0.0020       0.0015
    -43.8750       0.0019       0.0014
    -43.6250       0.0019       0.0014
    -43.3750       0.0019       0.0014
    -43.1250       0.0019       0.0014
    -42.8750       0.0019       0.0014
    -42.6250       0.0019       0.0014
    -42.3750       0.0018       0.0014
    -42.1250       0.0020       0.0015
    -41.8750       0.0019       0.0014
    -41.6250       0.0019       0.0014
    -41.3750       0.0019       0.0014
    -41.1250       0.0019       0.0014
    -40.8750       0.0018       0.0014
    -40.6250       0.0019       0.0014
    -40.3750       0.0019       0.0014
    -40.1250       0.0019       0.0014
    -39.8750       0.0019       0.0015
    -39.6250       0.0019       0.0015
    -39.3750       0.0020       0.0015
    -39.1250       0.0019       0.0014
    -38.8750       0.0019       0.0015
    -38.6250       0.0019       0.0014
    -38.3750       0.0020       0.0014
    -38.1250       0.0019       0.0014
    -37.8750       0.0020       0.0015
    -37.6250       0.0020       0.0014
    -37.3750       0.0019       0.0014
    -37.1250       0.0020       0.0015
    -36.8750       0.0021       0.0015
    -36.6250       0.0019       0.0014
    -36.3750       0.0020       0.0015
    -36.1250       0.0020       0.0015
    -35.8750       0.0020       0.0015
    -35.6250       0.0020       0.0015
    -35.3750       0.0021       0.0015
    -35.1250       0.0021       0.0015
    -34.8750       0.0020       0.0014
    -34.6250       0.0020       0.0015
    -34.3750       0.0021       0.0015
    -34.1250       0.0021       0.0015
    -33.8750       0.0021       0.0015
    -33.6250       0.0021       0.0015
    -33.3750       0.0021       0.0015
    -33.1250       0.0020       0.0015
    -32.8750       0.0020       0.0015
    -32.6250       0.0020       0.0015
    -32.3750       0.0020       0.0015
    -32.1250       0.0020       0.0015
    -31.8750       0.0020       0.0015
    -31.6250       0.0020       0.0014
    -31.3750       0.0020       0.0014
    -31.1250       0.0020       0.0015
    -30.8750       0.0020       0.0015
    -30.6250       0.0020       0.0015
    -30.3750       0.0020       0.0015
    -30.1250       0.0019       0.0014
    -29.8750       0.0019       0.0014
    -29.6250       0.0018       0.0014
    -29.3750       0.0017       0.0014
    -29.1250       0.0017       0.0013
    -28.8750       0.0016       0.0013
    -28.6250       0.0016       0.0013
    -28.3750       0.0015       0.0013
    -28.1250       0.0015       0.0013
    -27.8750       0.0015       0.0013
    -27.6250       0.0015       0.0013
    -27.3750       0.0015       0.0013
    -27.1250       0.0015       0.0012
    -26.8750       0.0016       0.0013
    -26.6250       0.0017       0.0014
    -26.3750       0.0018       0.0014
    -26.1250       0.0021       0.0015
    -25.8750       0.0024       0.0016
    -25.6250       0.0028       0.0017
    -25.3750       0.0032       0.0018
    -25.1250       0.0040       0.0020
    -24.8750       0.0050       0.0023
    -24.6250       0.0061       0.0025
    -24.3750       0.0076       0.0029
    -24.1250       0.0090       0.0031
    -23.8750       0.0108       0.0033
    -23.6250       0.0125       0.0036
    -23.3750       0.0145       0.0038
    -23.1250       0.0170       0.0042
    -22.8750       0.0195       0.0045
    -22.6250       0.0221       0.0047
    -22.3750       0.0242       0.0050
    -22.1250       0.0262       0.0052
    -21.8750       0.0278       0.0054
    -21.6250       0.0298       0.0056
    -21.3750       0.0313       0.0057
    -21.1250       0.0327       0.0059
    -20.8750       0.0335       0.0060
    -20.6250       0.0334       0.0059
    -20.3750       0.0329       0.0059
    -20.1250       0.0317       0.0057
    -19.8750       0.0299       0.0056
    -19.6250       0.0275       0.0053
    -19.3750       0.0248       0.0051
    -19.1250       0.0224       0.0048
    -18.8750       0.0195       0.0046
    -18.6250       0.0172       0.0043
    -18.3750       0.0148       0.0040
    -18.1250       0.0132       0.0038
    -17.8750       0.0111       0.0035
    -17.6250       0.0094       0.0032
    -17.3750       0.0079       0.0030
    -17.1250       0.0065       0.0027
    -16.8750       0.0051       0.0024
    -16.6250       0.0039       0.0021
    -16.3750       0.0029       0.0018
    -16.1250       0.0020       0.0015
    -15.8750       0.0013       0.0012
    -15.6250       0.0008       0.0010
    -15.3750       0.0005       0.0007
    -15.1250       0.0003       0.0005
    -14.8750       0.0001       0.0004
    -14.6250       0.0001       0.0003
    -14.3750       0.0000       0.0001
    -14.1250       0.0000       0.0001
    -13.8750       0.0000       0.0000
    -13.6250       0.0000       0.0000
    -13.3750       0.0000       0.0000
    -13.1250       0.0000       0.0000
    -12.8750       0.0000       0.0000
    -12.6250       0.0000       0.0000
    -12.3750       0.0000       0.0000
    -12.1250       0.0000       0.0000
    -11.8750       0.0000       0.0000
    -11.6250       0.0000       0.0000
    -11.3750       0.0000       0.0000
    -11.1250       0.0000       0.0000
    -10.8750       0.0000       0.0000
    -10.6250       0.0000       0.0000
    -10.3750       0.0000       0.0000
    -10.1250       0.0000       0.0000
     -9.8750       0.0000       0.0000
     -9.6250       0.0000       0.0000
     -9.3750       0.0000       0.0000
     -9.1250       0.0000       0.0000
     -8.8750       0.0000       0.0000
     -8.6250       0.0000       0.0000
     -8.3750       0.0000       0.0000
     -8.1250       0.0000       0.0000
     -7.8750       0.0000       0.0000
     -7.6250       0.0000       0.0000
     -7.3750       0.0000       0.0000
     -7.1250       0.0000       0.0000
     -6.8750       0.0000       0.0000
     -6.6250       0.0000       0.0000
     -6.3750       0.0000       0.0000
     -6.1250       0.0000       0.0000
     -5.8750       0.0000       0.0000
     -5.6250       0.0000       0.0000
     -5.3750       0.0000       0.0000
     -5.1250       0.0000       0.0000
     -4.8750       0.0000       0.0000
     -4.6250       0.0000       0.0000
     -4.3750       0.0000       0.0000
     -4.1250       0.0000       0.0000
     -3.8750       0.0000       0.0000
     -3.6250       0.0000       0.0000
     -3.3750       0.0000       0.0000
     -3.1250       0.0000       0.0000
     -2.8750       0.0000       0.0000
     -2.6250       0.0000       0.0000
     -2.3750       0.0000       0.0000
     -2.1250       0.0000       0.0000
     -1.8750       0.0000       0.0000
     -1.6250       0.0000       0.0000
     -1.3750       0.0000       0.0000
     -1.1250       0.0000       0.0000
     -0.8750       0.0000       0.0000
     -0.6250       0.0000       0.0000
     -0.3750       0.0000       0.0000
     -0.1250       0.0000       0.0000
      0.1250       0.0000       0.0000
      0.3750       0.0000       0.0000
      0.6250       0.0000       0.0000
      0.8750       0.0000       0.0000
      1.1250       0.0000       0.0000
      1.3750       0.0000       0.0000
      1.6250       0.0000       0.0000
      1.8750       0.0000       0.0000
      2.1250       0.0000       0.0000
      2.3750       0.0000       0.0000
      2.6250       0.0000       0.0000
      2.8750       0.0000       0.0000
      3.1250       0.0000       0.0000
      3.3750       0.0000       0.0000
      3.6250       0.0000       0.0000
      3.8750       0.0000       0.0000
      4.1250       0.0000       0.0000
      4.3750       0.0000       0.0000
      4.6250       0.0000       0.0000
      4.8750       0.0000       0.0000
      5.1250       0.0000       0.0000
      5.3750       0.0000       0.0000
      5.6250       0.0000       0.0000
      5.8750       0.0000       0.0000
      6.1250       0.0000       0.0000
      6.3750       0.0000       0.0000
      6.6250       0.0000       0.0000
      6.8750       0.0000       0.0000
      7.1250       0.0000       0.0000
      7.3750       0.0000       0.0000
      7.6250       0.0000       0.0000
      7.8750       0.0000       0.0000
      8.1250       0.0000       0.0000
      8.3750       0.0000       0.0000
      8.6250       0.0000       0.0000
      8.8750       0.0000       0.0000
      9.1250       0.0000       0.0000
      9.3750       0.0000       0.0000
      9.6250       0.0000       0.0000
      9.8750       0.0000       0.0000
     10.1250       0.0000       0.0000
     10.3750       0.0000       0.0000
     10.6250       0.0000       0.0000
     10.8750       0.0000       0.0000
     11.1250       0.0000       0.0000
     11.3750       0.0000       0.0000
     11.6250       0.0000       0.0000
     11.8750       0.0000       0.0001
     12.1250       0.0000       0.0001
     12.3750       0.0000       0.0001
     12.6250       0.0000       0.0002
     12.8750       0.0001       0.0002
     13.1250       0.0001       0.0003
     13.3750       0.0002       0.0004
     13.6250       0.0002       0.0005
     13.8750       0.0003       0.0005
     14.1250       0.0003       0.0006
     14.3750       0.0004       0.0006
     14.6250       0.0005       0.0007
     14.8750       0.0007       0.0009
     15.1250       0.0010       0.0010
     15.3750       0.0014       0.0012
     15.6250       0.0016       0.0013
     15.8750       0.0019       0.0014
     16.1250       0.0021       0.0014
     16.3750       0.0023       0.0015
     16.6250       0.0025       0.0016
     16.8750       0.0029       0.0018
     17.1250       0.0036       0.0020
     17.3750       0.0046       0.0022
     17.6250       0.0055       0.0024
     17.8750       0.0069       0.0027
     18.1250       0.0085       0.0030
     18.3750       0.0105       0.0033
     18.6250       0.0126       0.0036
     18.8750       0.0147       0.0039
     19.1250       0.0169       0.0041
     19.3750       0.0190       0.0043
     19.6250       0.0211       0.0046
     19.8750       0.0228       0.0048
     20.1250       0.0250       0.0051
     20.3750       0.0267       0.0053
     20.6250       0.0285       0.0054
     20.8750       0.0296       0.0055
     21.1250       0.0312       0.0057
     21.3750       0.0315       0.0057
     21.6250       0.0313       0.0057
     21.8750       0.0311       0.0058
     22.1250       0.0298       0.0057
     22.3750       0.0284       0.0055
     22.6250       0.0263       0.0053
     22.8750       0.0241       0.0050
     23.1250       0.0216       0.0048
     23.3750       0.0194       0.0044
     23.6250       0.0169       0.0042
     23.8750       0.0151       0.0039
     24.1250       0.0132       0.0037
     24.3750       0.0112       0.0034
     24.6250       0.0095       0.0032
     24.8750       0.0076       0.0028
     25.1250       0.0060       0.0025
     25.3750       0.0046       0.0022
     25.6250       0.0036       0.0019
     25.8750       0.0028       0.0017
     26.1250       0.0023       0.0016
     26.3750       0.0019       0.0014
     26.6250       0.0017       0.0014
     26.8750       0.0015       0.0013
     27.1250       0.0014       0.0012
     27.3750       0.0014       0.0012
     27.6250       0.0013       0.0012
     27.8750       0.0013       0.0012
     28.1250       0.0014       0.0012
     28.3750       0.0013       0.0012
     28.6250       0.0014       0.0012
     28.8750       0.0015       0.0013
     29.1250       0.0015       0.0013
     29.3750       0.0017       0.0013
     29.6250       0.0016       0.0013
     29.8750       0.0017       0.0013
     30.1250       0.0017       0.0014
     30.3750       0.0019       0.0014
     30.6250       0.0019       0.0014
     30.8750       0.0019       0.0014
     31.1250       0.0021       0.0015
     31.3750       0.0020       0.0015
     31.6250       0.0022       0.0015
     31.8750       0.0021       0.0015
     32.1250       0.0022       0.0016
     32.3750       0.0022       0.0015
     32.6250       0.0023       0.0016
     32.8750       0.0023       0.0016
     33.1250       0.0023       0.0016
     33.3750       0.0023       0.0015
     33.6250       0.0023       0.0016
     33.8750       0.0023       0.0016
     34.1250       0.0022       0.0015
     34.3750       0.0022       0.0015
     34.6250       0.0022       0.0016
     34.8750       0.0023       0.0016
     35.1250       0.0022       0.0015
     35.3750       0.0022       0.0015
     35.6250       0.0023       0.0016
     35.8750       0.0022       0.0015
     36.1250       0.0022       0.0016
     36.3750       0.0022       0.0016
     36.6250       0.0022       0.0015
     36.8750       0.0022       0.0015
     37.1250       0.0022       0.0015
     37.3750       0.0022       0.0015
     37.6250       0.0022       0.0015
     37.8750       0.0022       0.0015
     38.1250       0.0022       0.0015
     38.3750       0.0023       0.0016
     38.6250       0.0022       0.0015
     38.8750       0.0022       0.0015
     39.1250       0.0022       0.0015
     39.3750       0.0021       0.0015
     39.6250       0.0022       0.0015
     39.8750       0.0022       0.0015
     40.1250       0.0021       0.0015
     40.3750       0.0022       0.0015
     40.6250       0.0022       0.0015
     40.8750       0.0022       0.0015
     41.1250       0.0022       0.0015
     41.3750       0.0022       0.0015
     41.6250       0.0022       0.0015
     41.8750       0.0023       0.0016
     42.1250       0.0022       0.0016
     42.3750       0.0022       0.0015
     42.6250       0.0022       0.0015
     42.8750       0.0022       0.0015
     43.1250       0.0022       0.0015
     43.3750       0.0021       0.0015
     43.6250       0.0023       0.0016
     43.8750       0.0022       0.0015
     44.1250       0.0023       0.0016
     44.3750       0.0022       0.0015
     44.6250       0.0022       0.0015
     44.8750       0.0023       0.0016
     45.1250       0.0022       0.0016
     45.3750       0.0023       0.0016
     45.6250       0.0023       0.0016
     45.8750       0.0021       0.0015
     46.1250       0.0023       0.0016
     46.3750       0.0022       0.0015
     46.6250       0.0022       0.0015
     46.8750       0.0022       0.0015
     47.1250       0.0023       0.0015
     47.3750       0.0022       0.0015
     47.6250       0.0022       0.0015
     47.8750       0.0023       0.0016
     48.1250       0.0021       0.0015
     48.3750       0.0021       0.0015
     48.6250       0.0022       0.0015
     48.8750       0.0021       0.0015
     49.1250       0.0021       0.0015
     49.3750       0.0022       0.0015
     49.6250       0.0022       0.0016
     49.8750       0.0022       0.0015
     50.1250       0.0022       0.0015
     50.3750       0.0022       0.0015
     50.6250       0.0022       0.0015
     50.8750       0.0022       0.0015
     51.1250       0.0022       0.0015
     51.3750       0.0021       0.0015
     51.6250       0.0021       0.0015
     51.8750       0.0021       0.0015
     52.1250       0.0021       0.0015
     52.3750       0.0020       0.0015
     52.6250       0.0020       0.0015
     52.8750       0.0020       0.0015
     53.1250       0.0019       0.0014
     53.3750       0.0018       0.0014
     53.6250       0.0018       0.0014
     53.8750       0.0017       0.0014
     54.1250       0.0018       0.0014
     54.3750       0.0016       0.0013
     54.6250       0.0015       0.0013
     54.8750       0.0015       0.0012
     55.1250       0.0015       0.0012
     55.3750       0.0014       0.0012
     55.6250       0.0014       0.0012
     55.8750       0.0014       0.0012
     56.1250       0.0013       0.0012
     56.3750       0.0013       0.0012
     56.6250       0.0015       0.0013
     56.8750       0.0016       0.0013
     57.1250       0.0018       0.0014
     57.3750       0.0019       0.0015
     57.6250       0.0023       0.0016
     57.8750       0.0026       0.0017
     58.1250       0.0030       0.0018
     58.3750       0.0035       0.0020
     58.6250       0.0040       0.0021
     58.8750       0.0045       0.0022
     59.1250       0.0051       0.0024
     59.3750       0.0057       0.0025
     59.6250       0.0060       0.0025
     59.8750       0.0063       0.0026
     60.1250       0.0067       0.0026
     60.3750       0.0071       0.0027
     60.6250       0.0073       0.0027
     60.8750       0.0076       0.0028
     61.1250       0.0079       0.0029
     61.3750       0.0079       0.0028
     61.6250       0.0080       0.0029
     61.8750       0.0080       0.0029
     62.1250       0.0076       0.0028
     62.3750       0.0075       0.0028
     62.6250       0.0073       0.0027
     62.8750       0.0069       0.0027
     63.1250       0.0065       0.0026
     63.3750       0.0061       0.0025
     63.6250       0.0056       0.0024
     63.8750       0.0053       0.0024
     64.1250       0.0048       0.0022
     64.3750       0.0043       0.0022
     64.6250       0.0040       0.0020
     64.8750       0.0039       0.0020
     65.1250       0.0037       0.0020
     65.3750       0.0034       0.0019
     65.6250       0.0031       0.0018
     65.8750       0.0028       0.0017
     66.1250       0.0025       0.0016
     66.3750       0.0021       0.0015
     66.6250       0.0017       0.0013
     66.8750       0.0014       0.0012
     67.1250       0.0011       0.0011
     67.3750       0.0008       0.0009
     67.6250       0.0006       0.0008
     67.8750       0.0004       0.0007
     68.1250       0.0003       0.0006
     68.3750       0.0002       0.0005
     68.6250       0.0001       0.0004
     68.8750       0.0001       0.0003
     69.1250       0.0000       0.0002
     69.3750       0.0000       0.0002
     69.6250       0.0000       0.0001
     69.8750       0.0000       0.0001
     70.1250       0.0000       0.0001
     70.3750       0.0000       0.0001
     70.6250       0.0000       0.0000
     70.8750       0.0000       0.0000
     71.1250       0.0000       0.0000
