#Z                    :CA      sd(:CA)
    -44.3750       0.0000       0.0000
    -44.1250       0.0003       0.0112
    -43.8750       0.0019       0.0250
    -43.6250       0.0045       0.0357
    -43.3750       0.0143       0.0645
    -43.1250       0.0256       0.0875
    -42.8750       0.0491       0.1186
    -42.6250       0.0939       0.1653
    -42.3750       0.1616       0.2156
    -42.1250       0.2277       0.2528
    -41.8750       0.2967       0.2859
    -41.6250       0.3866       0.3244
    -41.3750       0.4815       0.3593
    -41.1250       0.5856       0.3929
    -40.8750       0.6773       0.4208
    -40.6250       0.7421       0.4326
    -40.3750       0.8164       0.4540
    -40.1250       0.8715       0.4658
    -39.8750       0.9019       0.4722
    -39.6250       0.8961       0.4707
    -39.3750       0.9227       0.4757
    -39.1250       0.9072       0.4718
    -38.8750       0.9260       0.4767
    -38.6250       0.9233       0.4787
    -38.3750       0.9078       0.4735
    -38.1250       0.9133       0.4766
    -37.8750       0.9206       0.4761
    -37.6250       0.9072       0.4686
    -37.3750       0.8962       0.4715
    -37.1250       0.9128       0.4772
    -36.8750       0.9179       0.4793
    -36.6250       0.9147       0.4752
    -36.3750       0.9106       0.4733
    -36.1250       0.9177       0.4793
    -35.8750       0.8987       0.4706
    -35.6250       0.8942       0.4675
    -35.3750       0.8968       0.4717
    -35.1250       0.8838       0.4702
    -34.8750       0.8766       0.4668
    -34.6250       0.8662       0.4596
    -34.3750       0.8861       0.4672
    -34.1250       0.8885       0.4673
    -33.8750       0.8844       0.4673
    -33.6250       0.8626       0.4608
    -33.3750       0.8600       0.4608
    -33.1250       0.8487       0.4591
    -32.8750       0.8425       0.4559
    -32.6250       0.8272       0.4529
    -32.3750       0.8394       0.4550
    -32.1250       0.8163       0.4491
    -31.8750       0.7890       0.4437
    -31.6250       0.7781       0.4356
    -31.3750       0.7724       0.4367
    -31.1250       0.7612       0.4346
    -30.8750       0.7330       0.4287
    -30.6250       0.7180       0.4237
    -30.3750       0.7180       0.4200
    -30.1250       0.6766       0.4101
    -29.8750       0.6897       0.4145
    -29.6250       0.6623       0.4062
    -29.3750       0.6463       0.4040
    -29.1250       0.6131       0.3886
    -28.8750       0.6078       0.3876
    -28.6250       0.5736       0.3777
    -28.3750       0.5642       0.3756
    -28.1250       0.5469       0.3686
    -27.8750       0.5402       0.3662
    -27.6250       0.5623       0.3730
    -27.3750       0.5879       0.3813
    -27.1250       0.5984       0.3812
    -26.8750       0.6447       0.3981
    -26.6250       0.7008       0.4129
    -26.3750       0.7510       0.4243
    -26.1250       0.7945       0.4372
    -25.8750       0.8650       0.4571
    -25.6250       0.9275       0.4712
    -25.3750       1.0341       0.4996
    -25.1250       1.1609       0.5331
    -24.8750       1.2997       0.5630
    -24.6250       1.4805       0.6005
    -24.3750       1.7061       0.6439
    -24.1250       2.0286       0.6991
    -23.8750       2.3905       0.7643
    -23.6250       2.8257       0.8333
    -23.3750       3.3041       0.8982
    -23.1250       3.8941       0.9852
    -22.8750       4.5012       1.0615
    -22.6250       5.0838       1.1239
    -22.3750       5.7717       1.1993
    -22.1250       6.2806       1.2563
    -21.8750       6.7506       1.2919
    -21.6250       7.1323       1.3439
    -21.3750       7.4039       1.3636
    -21.1250       7.5989       1.3753
    -20.8750       7.7146       1.3918
    -20.6250       7.6124       1.3604
    -20.3750       7.3629       1.3384
    -20.1250       7.0757       1.3110
    -19.8750       6.6385       1.2719
    -19.6250       6.0947       1.2180
    -19.3750       5.5349       1.1609
    -19.1250       4.8846       1.1016
    -18.8750       4.3387       1.0362
    -18.6250       3.7664       0.9683
    -18.3750       3.2280       0.8962
    -18.1250       2.7105       0.8208
    -17.8750       2.2562       0.7501
    -17.6250       1.8079       0.6816
    -17.3750       1.4736       0.6127
    -17.1250       1.1956       0.5519
    -16.8750       0.9564       0.4937
    -16.6250       0.7599       0.4389
    -16.3750       0.5791       0.3822
    -16.1250       0.4357       0.3362
    -15.8750       0.3160       0.2854
    -15.6250       0.2363       0.2433
    -15.3750       0.1634       0.2018
    -15.1250       0.1233       0.1753
    -14.8750       0.0837       0.1442
    -14.6250       0.0623       0.1240
    -14.3750       0.0366       0.0952
    -14.1250       0.0209       0.0721
    -13.8750       0.0131       0.0571
    -13.6250       0.0070       0.0418
    -13.3750       0.0040       0.0316
    -13.1250       0.0022       0.0234
    -12.8750       0.0005       0.0112
    -12.6250       0.0000       0.0000
    -12.3750       0.0000       0.0000
    -12.1250       0.0001       0.0050
    -11.8750       0.0000       0.0000
    -11.6250       0.0000       0.0000
    -11.3750       0.0000       0.0000
    -11.1250       0.0000       0.0000
    -10.8750       0.0000       0.0000
    -10.6250       0.0000       0.0000
    -10.3750       0.0000       0.0000
    -10.1250       0.0000       0.0000
     -9.8750       0.0000       0.0000
     -9.6250       0.0000       0.0000
     -9.3750       0.0000       0.0000
     -9.1250       0.0000       0.0000
     -8.8750       0.0000       0.0000
     -8.6250       0.0000       0.0000
     -8.3750       0.0000       0.0000
     -8.1250       0.0000       0.0000
     -7.8750       0.0000       0.0000
     -7.6250       0.0000       0.0000
     -7.3750       0.0000       0.0000
     -7.1250       0.0000       0.0000
     -6.8750       0.0000       0.0000
     -6.6250       0.0000       0.0000
     -6.3750       0.0000       0.0000
     -6.1250       0.0000       0.0000
     -5.8750       0.0000       0.0000
     -5.6250       0.0000       0.0000
     -5.3750       0.0000       0.0000
     -5.1250       0.0000       0.0000
     -4.8750       0.0000       0.0000
     -4.6250       0.0000       0.0000
     -4.3750       0.0000       0.0000
     -4.1250       0.0000       0.0000
     -3.8750       0.0000       0.0000
     -3.6250       0.0000       0.0000
     -3.3750       0.0000       0.0000
     -3.1250       0.0000       0.0000
     -2.8750       0.0000       0.0000
     -2.6250       0.0000       0.0000
     -2.3750       0.0000       0.0000
     -2.1250       0.0000       0.0000
     -1.8750       0.0000       0.0000
     -1.6250       0.0000       0.0000
     -1.3750       0.0000       0.0000
     -1.1250       0.0000       0.0000
     -0.8750       0.0000       0.0000
     -0.6250       0.0000       0.0000
     -0.3750       0.0000       0.0000
     -0.1250       0.0000       0.0000
      0.1250       0.0000       0.0000
      0.3750       0.0000       0.0000
      0.6250       0.0000       0.0000
      0.8750       0.0000       0.0000
      1.1250       0.0000       0.0000
      1.3750       0.0000       0.0000
      1.6250       0.0000       0.0000
      1.8750       0.0000       0.0000
      2.1250       0.0000       0.0000
      2.3750       0.0000       0.0000
      2.6250       0.0000       0.0000
      2.8750       0.0000       0.0000
      3.1250       0.0000       0.0000
      3.3750       0.0000       0.0000
      3.6250       0.0000       0.0000
      3.8750       0.0000       0.0000
      4.1250       0.0000       0.0000
      4.3750       0.0000       0.0000
      4.6250       0.0000       0.0000
      4.8750       0.0000       0.0000
      5.1250       0.0000       0.0000
      5.3750       0.0000       0.0000
      5.6250       0.0000       0.0000
      5.8750       0.0000       0.0000
      6.1250       0.0000       0.0000
      6.3750       0.0000       0.0000
      6.6250       0.0000       0.0000
      6.8750       0.0000       0.0000
      7.1250       0.0000       0.0000
      7.3750       0.0000       0.0000
      7.6250       0.0000       0.0000
      7.8750       0.0000       0.0000
      8.1250       0.0000       0.0000
      8.3750       0.0000       0.0000
      8.6250       0.0000       0.0000
      8.8750       0.0000       0.0000
      9.1250       0.0000       0.0000
      9.3750       0.0000       0.0000
      9.6250       0.0000       0.0000
      9.8750       0.0000       0.0000
     10.1250       0.0000       0.0000
     10.3750       0.0000       0.0000
     10.6250       0.0000       0.0000
     10.8750       0.0000       0.0000
     11.1250       0.0000       0.0000
     11.3750       0.0000       0.0000
     11.6250       0.0000       0.0000
     11.8750       0.0000       0.0000
     12.1250       0.0002       0.0071
     12.3750       0.0007       0.0132
     12.6250       0.0019       0.0218
     12.8750       0.0027       0.0260
     13.1250       0.0057       0.0377
     13.3750       0.0086       0.0463
     13.6250       0.0150       0.0611
     13.8750       0.0241       0.0774
     14.1250       0.0370       0.0960
     14.3750       0.0498       0.1111
     14.6250       0.0791       0.1421
     14.8750       0.1132       0.1693
     15.1250       0.1696       0.2105
     15.3750       0.2395       0.2492
     15.6250       0.3403       0.2998
     15.8750       0.4678       0.3557
     16.1250       0.6435       0.4177
     16.3750       0.8299       0.4734
     16.6250       1.0456       0.5327
     16.8750       1.3157       0.6017
     17.1250       1.6292       0.6681
     17.3750       1.9433       0.7190
     17.6250       2.2575       0.7788
     17.8750       2.6187       0.8296
     18.1250       2.9695       0.8739
     18.3750       3.4244       0.9290
     18.6250       3.8338       0.9729
     18.8750       4.2844       1.0261
     19.1250       4.7826       1.0714
     19.3750       5.3346       1.1320
     19.6250       5.9391       1.1895
     19.8750       6.5528       1.2398
     20.1250       7.0779       1.2874
     20.3750       7.4368       1.3361
     20.6250       7.7397       1.3678
     20.8750       7.9283       1.3792
     21.1250       7.9123       1.3921
     21.3750       7.7400       1.3823
     21.6250       7.3773       1.3531
     21.8750       6.9154       1.3159
     22.1250       6.5033       1.2800
     22.3750       6.0221       1.2272
     22.6250       5.5636       1.1854
     22.8750       5.0801       1.1328
     23.1250       4.5464       1.0681
     23.3750       4.0948       1.0129
     23.6250       3.6157       0.9502
     23.8750       3.2228       0.8992
     24.1250       2.8285       0.8342
     24.3750       2.4537       0.7762
     24.6250       2.1678       0.7281
     24.8750       1.9227       0.6840
     25.1250       1.6576       0.6358
     25.3750       1.4449       0.5927
     25.6250       1.2732       0.5583
     25.8750       1.1360       0.5266
     26.1250       1.0072       0.4959
     26.3750       0.9625       0.4836
     26.6250       0.8789       0.4602
     26.8750       0.8016       0.4391
     27.1250       0.7226       0.4208
     27.3750       0.6790       0.4093
     27.6250       0.6300       0.3957
     27.8750       0.5983       0.3839
     28.1250       0.5873       0.3800
     28.3750       0.5860       0.3795
     28.6250       0.5819       0.3799
     28.8750       0.5842       0.3822
     29.1250       0.5931       0.3861
     29.3750       0.6091       0.3884
     29.6250       0.6412       0.3992
     29.8750       0.6540       0.4015
     30.1250       0.6633       0.4058
     30.3750       0.6749       0.4121
     30.6250       0.7120       0.4208
     30.8750       0.7021       0.4176
     31.1250       0.7231       0.4259
     31.3750       0.7475       0.4300
     31.6250       0.7516       0.4302
     31.8750       0.7626       0.4352
     32.1250       0.7811       0.4423
     32.3750       0.7912       0.4434
     32.6250       0.8136       0.4478
     32.8750       0.8189       0.4492
     33.1250       0.8237       0.4519
     33.3750       0.8439       0.4546
     33.6250       0.8318       0.4522
     33.8750       0.8556       0.4573
     34.1250       0.8816       0.4640
     34.3750       0.8822       0.4661
     34.6250       0.8944       0.4695
     34.8750       0.8707       0.4632
     35.1250       0.8907       0.4689
     35.3750       0.8884       0.4665
     35.6250       0.8897       0.4670
     35.8750       0.9033       0.4697
     36.1250       0.9054       0.4732
     36.3750       0.9102       0.4711
     36.6250       0.9135       0.4758
     36.8750       0.8867       0.4647
     37.1250       0.9184       0.4785
     37.3750       0.8964       0.4698
     37.6250       0.8937       0.4684
     37.8750       0.9145       0.4751
     38.1250       0.9094       0.4764
     38.3750       0.9026       0.4686
     38.6250       0.9108       0.4716
     38.8750       0.9076       0.4719
     39.1250       0.9194       0.4749
     39.3750       0.9296       0.4786
     39.6250       0.9185       0.4748
     39.8750       0.8827       0.4660
     40.1250       0.8697       0.4664
     40.3750       0.8194       0.4547
     40.6250       0.7621       0.4424
     40.8750       0.6699       0.4174
     41.1250       0.5936       0.3980
     41.3750       0.4957       0.3639
     41.6250       0.3901       0.3286
     41.8750       0.3140       0.2963
     42.1250       0.2228       0.2515
     42.3750       0.1517       0.2115
     42.6250       0.0933       0.1621
     42.8750       0.0457       0.1144
     43.1250       0.0276       0.0895
     43.3750       0.0139       0.0637
     43.6250       0.0043       0.0343
     43.8750       0.0009       0.0150
     44.1250       0.0003       0.0087
     44.3750       0.0000       0.0000
